
  .   ____          _            __ _ _
 /\\ / ___'_ __ _ _(_)_ __  __ _ \ \ \ \
( ( )\___ | '_ | '_| | '_ \/ _` | \ \ \ \
 \\/  ___)| |_)| | | | | || (_| |  ) ) ) )
  '  |____| .__|_| |_|_| |_\__, | / / / /
 =========|_|==============|___/=/_/_/_/
 :: Spring Boot ::                (v3.2.0)

2026-05-13T11:57:26.559+08:00  INFO 4403 --- [diet-butler-server] [           main] com.dietbutler.DietButlerApplication     : Starting DietButlerApplication v1.0.0 using Java 21.0.11 with PID 4403 (/Users/zhaoyueyue/Documents/doc/work/project/diet-butler/server/target/diet-butler-server-1.0.0.jar started by zhaoyueyue in /Users/zhaoyueyue/Documents/doc/work/project/diet-butler/server)
2026-05-13T11:57:26.560+08:00  INFO 4403 --- [diet-butler-server] [           main] com.dietbutler.DietButlerApplication     : No active profile set, falling back to 1 default profile: "default"
2026-05-13T11:57:27.017+08:00  INFO 4403 --- [diet-butler-server] [           main] .s.d.r.c.RepositoryConfigurationDelegate : Bootstrapping Spring Data JPA repositories in DEFAULT mode.
2026-05-13T11:57:27.087+08:00  INFO 4403 --- [diet-butler-server] [           main] .s.d.r.c.RepositoryConfigurationDelegate : Finished Spring Data repository scanning in 66 ms. Found 10 JPA repository interfaces.
2026-05-13T11:57:27.335+08:00  INFO 4403 --- [diet-butler-server] [           main] o.s.b.w.embedded.tomcat.TomcatWebServer  : Tomcat initialized with port 8080 (http)
2026-05-13T11:57:27.340+08:00  INFO 4403 --- [diet-butler-server] [           main] o.apache.catalina.core.StandardService   : Starting service [Tomcat]
2026-05-13T11:57:27.340+08:00  INFO 4403 --- [diet-butler-server] [           main] o.apache.catalina.core.StandardEngine    : Starting Servlet engine: [Apache Tomcat/10.1.16]
2026-05-13T11:57:27.361+08:00  INFO 4403 --- [diet-butler-server] [           main] o.a.c.c.C.[Tomcat].[localhost].[/]       : Initializing Spring embedded WebApplicationContext
2026-05-13T11:57:27.361+08:00  INFO 4403 --- [diet-butler-server] [           main] w.s.c.ServletWebServerApplicationContext : Root WebApplicationContext: initialization completed in 646 ms
2026-05-13T11:57:27.411+08:00  INFO 4403 --- [diet-butler-server] [           main] com.zaxxer.hikari.HikariDataSource       : HikariPool-1 - Starting...
2026-05-13T11:57:27.483+08:00  INFO 4403 --- [diet-butler-server] [           main] com.zaxxer.hikari.pool.HikariPool        : HikariPool-1 - Added connection com.mysql.cj.jdbc.ConnectionImpl@61911947
2026-05-13T11:57:27.483+08:00  INFO 4403 --- [diet-butler-server] [           main] com.zaxxer.hikari.HikariDataSource       : HikariPool-1 - Start completed.
2026-05-13T11:57:27.516+08:00  INFO 4403 --- [diet-butler-server] [           main] o.hibernate.jpa.internal.util.LogHelper  : HHH000204: Processing PersistenceUnitInfo [name: default]
2026-05-13T11:57:27.546+08:00  INFO 4403 --- [diet-butler-server] [           main] org.hibernate.Version                    : HHH000412: Hibernate ORM core version 6.3.1.Final
2026-05-13T11:57:27.560+08:00  INFO 4403 --- [diet-butler-server] [           main] o.h.c.internal.RegionFactoryInitiator    : HHH000026: Second-level cache disabled
2026-05-13T11:57:27.652+08:00  INFO 4403 --- [diet-butler-server] [           main] o.s.o.j.p.SpringPersistenceUnitInfo      : No LoadTimeWeaver setup: ignoring JPA class transformer
2026-05-13T11:57:27.683+08:00  WARN 4403 --- [diet-butler-server] [           main] org.hibernate.orm.deprecation            : HHH90000025: MySQLDialect does not need to be specified explicitly using 'hibernate.dialect' (remove the property setting and it will be selected by default)
2026-05-13T11:57:28.052+08:00  INFO 4403 --- [diet-butler-server] [           main] o.h.e.t.j.p.i.JtaPlatformInitiator       : HHH000489: No JTA platform available (set 'hibernate.transaction.jta.platform' to enable JTA platform integration)
2026-05-13T11:57:28.105+08:00  INFO 4403 --- [diet-butler-server] [           main] j.LocalContainerEntityManagerFactoryBean : Initialized JPA EntityManagerFactory for persistence unit 'default'
2026-05-13T11:57:28.488+08:00  INFO 4403 --- [diet-butler-server] [           main] o.s.d.j.r.query.QueryEnhancerFactory     : Hibernate is in classpath; If applicable, HQL parser will be used.
2026-05-13T11:57:28.849+08:00  WARN 4403 --- [diet-butler-server] [           main] JpaBaseConfiguration$JpaWebConfiguration : spring.jpa.open-in-view is enabled by default. Therefore, database queries may be performed during view rendering. Explicitly configure spring.jpa.open-in-view to disable this warning
2026-05-13T11:57:28.855+08:00  INFO 4403 --- [diet-butler-server] [           main] o.s.b.a.w.s.WelcomePageHandlerMapping    : Adding welcome page: class path resource [static/index.html]
2026-05-13T11:57:28.948+08:00  INFO 4403 --- [diet-butler-server] [           main] o.s.b.w.embedded.tomcat.TomcatWebServer  : Tomcat started on port 8080 (http) with context path ''
2026-05-13T11:57:28.990+08:00  INFO 4403 --- [diet-butler-server] [           main] com.dietbutler.DietButlerApplication     : Started DietButlerApplication in 2.572 seconds (process running for 2.807)
2026-05-13T11:57:29.208+08:00  INFO 4403 --- [diet-butler-server] [nio-8080-exec-1] o.a.c.c.C.[Tomcat].[localhost].[/]       : Initializing Spring DispatcherServlet 'dispatcherServlet'
2026-05-13T11:57:29.209+08:00  INFO 4403 --- [diet-butler-server] [nio-8080-exec-1] o.s.web.servlet.DispatcherServlet        : Initializing Servlet 'dispatcherServlet'
2026-05-13T11:57:29.209+08:00  INFO 4403 --- [diet-butler-server] [nio-8080-exec-1] o.s.web.servlet.DispatcherServlet        : Completed initialization in 0 ms
2026-05-13T12:00:00.012+08:00  INFO 4403 --- [diet-butler-server] [   scheduling-1] c.d.service.TaskScheduleService          : 开始久坐提醒检查
2026-05-13T12:00:00.012+08:00  INFO 4403 --- [diet-butler-server] [   scheduling-1] c.d.service.SedentaryReminderService     : 开始久坐提醒检查
2026-05-13T12:00:00.108+08:00  INFO 4403 --- [diet-butler-server] [   scheduling-1] c.d.service.TaskScheduleService          : 开始情绪干预检查
2026-05-13T12:29:59.983+08:00  INFO 4403 --- [diet-butler-server] [   scheduling-1] c.d.service.TaskScheduleService          : 开始情绪干预检查
2026-05-13T12:59:59.974+08:00  INFO 4403 --- [diet-butler-server] [   scheduling-1] c.d.service.TaskScheduleService          : 开始久坐提醒检查
2026-05-13T12:59:59.975+08:00  INFO 4403 --- [diet-butler-server] [   scheduling-1] c.d.service.SedentaryReminderService     : 开始久坐提醒检查
2026-05-13T13:00:00.020+08:00  INFO 4403 --- [diet-butler-server] [   scheduling-1] c.d.service.TaskScheduleService          : 开始情绪干预检查
2026-05-13T13:30:00.025+08:00  INFO 4403 --- [diet-butler-server] [   scheduling-1] c.d.service.TaskScheduleService          : 开始情绪干预检查
2026-05-13T14:00:00.014+08:00  INFO 4403 --- [diet-butler-server] [   scheduling-1] c.d.service.TaskScheduleService          : 开始发送饮水提醒
2026-05-13T14:00:00.136+08:00 ERROR 4403 --- [diet-butler-server] [   scheduling-1] i.n.r.d.DnsServerAddressStreamProviders  : Unable to load io.netty.resolver.dns.macos.MacOSDnsServerAddressStreamProvider, fallback to system defaults. This may result in incorrect DNS resolutions on MacOS. Check whether you have a dependency on 'io.netty:netty-resolver-dns-native-macos'. Use DEBUG level to see the full stack: java.lang.UnsatisfiedLinkError: failed to load the required native library
2026-05-13T14:00:06.284+08:00  INFO 4403 --- [diet-butler-server] [   scheduling-1] c.d.service.TaskScheduleService          : 开始情绪干预检查
2026-05-13T14:00:06.292+08:00  INFO 4403 --- [diet-butler-server] [   scheduling-1] c.d.service.TaskScheduleService          : 开始久坐提醒检查
2026-05-13T14:00:06.292+08:00  INFO 4403 --- [diet-butler-server] [   scheduling-1] c.d.service.SedentaryReminderService     : 开始久坐提醒检查
2026-05-13T14:30:00.011+08:00  INFO 4403 --- [diet-butler-server] [   scheduling-1] c.d.service.TaskScheduleService          : 开始情绪干预检查
2026-05-13T14:38:14.023+08:00  INFO 4403 --- [diet-butler-server] [nio-8080-exec-2] com.dietbutler.service.AuthService       : WeChat API response: {"session_key":"7DXbRYwfsG5C5GxLmPN56w==","openid":"odvt03d7a2IYh4_XJubc6kkEFkoE"}
2026-05-13T14:39:43.307+08:00 ERROR 4403 --- [diet-butler-server] [nio-8080-exec-8] com.dietbutler.service.ChatService       : 对话失败

java.util.UnknownFormatConversionException: Conversion = '
'
	at java.base/java.util.Formatter.parse(Formatter.java:2852) ~[na:na]
	at java.base/java.util.Formatter.format(Formatter.java:2774) ~[na:na]
	at java.base/java.util.Formatter.format(Formatter.java:2728) ~[na:na]
	at java.base/java.lang.String.formatted(String.java:4441) ~[na:na]
	at com.dietbutler.service.ChatService.buildSystemPrompt(ChatService.java:1384) ~[!/:1.0.0]
	at com.dietbutler.service.ChatService.buildAndCallLLM(ChatService.java:1289) ~[!/:1.0.0]
	at com.dietbutler.service.ChatService.handleNormalChat(ChatService.java:495) ~[!/:1.0.0]
	at com.dietbutler.service.ChatService.chat(ChatService.java:114) ~[!/:1.0.0]
	at com.dietbutler.controller.ChatController.send(ChatController.java:45) ~[!/:1.0.0]
	at java.base/jdk.internal.reflect.DirectMethodHandleAccessor.invoke(DirectMethodHandleAccessor.java:103) ~[na:na]
	at java.base/java.lang.reflect.Method.invoke(Method.java:580) ~[na:na]
	at org.springframework.web.method.support.InvocableHandlerMethod.doInvoke(InvocableHandlerMethod.java:254) ~[spring-web-6.1.1.jar!/:6.1.1]
	at org.springframework.web.method.support.InvocableHandlerMethod.invokeForRequest(InvocableHandlerMethod.java:182) ~[spring-web-6.1.1.jar!/:6.1.1]
	at org.springframework.web.servlet.mvc.method.annotation.ServletInvocableHandlerMethod.invokeAndHandle(ServletInvocableHandlerMethod.java:118) ~[spring-webmvc-6.1.1.jar!/:6.1.1]
	at org.springframework.web.servlet.mvc.method.annotation.RequestMappingHandlerAdapter.invokeHandlerMethod(RequestMappingHandlerAdapter.java:917) ~[spring-webmvc-6.1.1.jar!/:6.1.1]
	at org.springframework.web.servlet.mvc.method.annotation.RequestMappingHandlerAdapter.handleInternal(RequestMappingHandlerAdapter.java:829) ~[spring-webmvc-6.1.1.jar!/:6.1.1]
	at org.springframework.web.servlet.mvc.method.AbstractHandlerMethodAdapter.handle(AbstractHandlerMethodAdapter.java:87) ~[spring-webmvc-6.1.1.jar!/:6.1.1]
	at org.springframework.web.servlet.DispatcherServlet.doDispatch(DispatcherServlet.java:1089) ~[spring-webmvc-6.1.1.jar!/:6.1.1]
	at org.springframework.web.servlet.DispatcherServlet.doService(DispatcherServlet.java:979) ~[spring-webmvc-6.1.1.jar!/:6.1.1]
	at org.springframework.web.servlet.FrameworkServlet.processRequest(FrameworkServlet.java:1014) ~[spring-webmvc-6.1.1.jar!/:6.1.1]
	at org.springframework.web.servlet.FrameworkServlet.doPost(FrameworkServlet.java:914) ~[spring-webmvc-6.1.1.jar!/:6.1.1]
	at jakarta.servlet.http.HttpServlet.service(HttpServlet.java:590) ~[tomcat-embed-core-10.1.16.jar!/:na]
	at org.springframework.web.servlet.FrameworkServlet.service(FrameworkServlet.java:885) ~[spring-webmvc-6.1.1.jar!/:6.1.1]
	at jakarta.servlet.http.HttpServlet.service(HttpServlet.java:658) ~[tomcat-embed-core-10.1.16.jar!/:na]
	at org.apache.catalina.core.ApplicationFilterChain.internalDoFilter(ApplicationFilterChain.java:205) ~[tomcat-embed-core-10.1.16.jar!/:na]
	at org.apache.catalina.core.ApplicationFilterChain.doFilter(ApplicationFilterChain.java:149) ~[tomcat-embed-core-10.1.16.jar!/:na]
	at org.apache.tomcat.websocket.server.WsFilter.doFilter(WsFilter.java:51) ~[tomcat-embed-websocket-10.1.16.jar!/:na]
	at org.apache.catalina.core.ApplicationFilterChain.internalDoFilter(ApplicationFilterChain.java:174) ~[tomcat-embed-core-10.1.16.jar!/:na]
	at org.apache.catalina.core.ApplicationFilterChain.doFilter(ApplicationFilterChain.java:149) ~[tomcat-embed-core-10.1.16.jar!/:na]
	at org.springframework.web.filter.RequestContextFilter.doFilterInternal(RequestContextFilter.java:100) ~[spring-web-6.1.1.jar!/:6.1.1]
	at org.springframework.web.filter.OncePerRequestFilter.doFilter(OncePerRequestFilter.java:116) ~[spring-web-6.1.1.jar!/:6.1.1]
	at org.apache.catalina.core.ApplicationFilterChain.internalDoFilter(ApplicationFilterChain.java:174) ~[tomcat-embed-core-10.1.16.jar!/:na]
	at org.apache.catalina.core.ApplicationFilterChain.doFilter(ApplicationFilterChain.java:149) ~[tomcat-embed-core-10.1.16.jar!/:na]
	at org.springframework.web.filter.FormContentFilter.doFilterInternal(FormContentFilter.java:93) ~[spring-web-6.1.1.jar!/:6.1.1]
	at org.springframework.web.filter.OncePerRequestFilter.doFilter(OncePerRequestFilter.java:116) ~[spring-web-6.1.1.jar!/:6.1.1]
	at org.apache.catalina.core.ApplicationFilterChain.internalDoFilter(ApplicationFilterChain.java:174) ~[tomcat-embed-core-10.1.16.jar!/:na]
	at org.apache.catalina.core.ApplicationFilterChain.doFilter(ApplicationFilterChain.java:149) ~[tomcat-embed-core-10.1.16.jar!/:na]
	at org.springframework.web.filter.CharacterEncodingFilter.doFilterInternal(CharacterEncodingFilter.java:201) ~[spring-web-6.1.1.jar!/:6.1.1]
	at org.springframework.web.filter.OncePerRequestFilter.doFilter(OncePerRequestFilter.java:116) ~[spring-web-6.1.1.jar!/:6.1.1]
	at org.apache.catalina.core.ApplicationFilterChain.internalDoFilter(ApplicationFilterChain.java:174) ~[tomcat-embed-core-10.1.16.jar!/:na]
	at org.apache.catalina.core.ApplicationFilterChain.doFilter(ApplicationFilterChain.java:149) ~[tomcat-embed-core-10.1.16.jar!/:na]
	at org.apache.catalina.core.StandardWrapperValve.invoke(StandardWrapperValve.java:167) ~[tomcat-embed-core-10.1.16.jar!/:na]
	at org.apache.catalina.core.StandardContextValve.invoke(StandardContextValve.java:90) ~[tomcat-embed-core-10.1.16.jar!/:na]
	at org.apache.catalina.authenticator.AuthenticatorBase.invoke(AuthenticatorBase.java:482) ~[tomcat-embed-core-10.1.16.jar!/:na]
	at org.apache.catalina.core.StandardHostValve.invoke(StandardHostValve.java:115) ~[tomcat-embed-core-10.1.16.jar!/:na]
	at org.apache.catalina.valves.ErrorReportValve.invoke(ErrorReportValve.java:93) ~[tomcat-embed-core-10.1.16.jar!/:na]
	at org.apache.catalina.core.StandardEngineValve.invoke(StandardEngineValve.java:74) ~[tomcat-embed-core-10.1.16.jar!/:na]
	at org.apache.catalina.connector.CoyoteAdapter.service(CoyoteAdapter.java:340) ~[tomcat-embed-core-10.1.16.jar!/:na]
	at org.apache.coyote.http11.Http11Processor.service(Http11Processor.java:391) ~[tomcat-embed-core-10.1.16.jar!/:na]
	at org.apache.coyote.AbstractProcessorLight.process(AbstractProcessorLight.java:63) ~[tomcat-embed-core-10.1.16.jar!/:na]
	at org.apache.coyote.AbstractProtocol$ConnectionHandler.process(AbstractProtocol.java:896) ~[tomcat-embed-core-10.1.16.jar!/:na]
	at org.apache.tomcat.util.net.NioEndpoint$SocketProcessor.doRun(NioEndpoint.java:1744) ~[tomcat-embed-core-10.1.16.jar!/:na]
	at org.apache.tomcat.util.net.SocketProcessorBase.run(SocketProcessorBase.java:52) ~[tomcat-embed-core-10.1.16.jar!/:na]
	at org.apache.tomcat.util.threads.ThreadPoolExecutor.runWorker(ThreadPoolExecutor.java:1191) ~[tomcat-embed-core-10.1.16.jar!/:na]
	at org.apache.tomcat.util.threads.ThreadPoolExecutor$Worker.run(ThreadPoolExecutor.java:659) ~[tomcat-embed-core-10.1.16.jar!/:na]
	at org.apache.tomcat.util.threads.TaskThread$WrappingRunnable.run(TaskThread.java:61) ~[tomcat-embed-core-10.1.16.jar!/:na]
	at java.base/java.lang.Thread.run(Thread.java:1583) ~[na:na]

2026-05-13T15:00:00.007+08:00  INFO 4403 --- [diet-butler-server] [   scheduling-1] c.d.service.TaskScheduleService          : 开始情绪干预检查
2026-05-13T15:00:00.016+08:00  INFO 4403 --- [diet-butler-server] [   scheduling-1] c.d.service.TaskScheduleService          : 开始久坐提醒检查
2026-05-13T15:00:00.016+08:00  INFO 4403 --- [diet-butler-server] [   scheduling-1] c.d.service.SedentaryReminderService     : 开始久坐提醒检查
2026-05-13T15:30:00.007+08:00  INFO 4403 --- [diet-butler-server] [   scheduling-1] c.d.service.TaskScheduleService          : 开始情绪干预检查
2026-05-13T16:00:00.013+08:00  INFO 4403 --- [diet-butler-server] [   scheduling-1] c.d.service.TaskScheduleService          : 开始情绪干预检查
2026-05-13T16:00:00.024+08:00  INFO 4403 --- [diet-butler-server] [   scheduling-1] c.d.service.TaskScheduleService          : 开始久坐提醒检查
2026-05-13T16:00:00.025+08:00  INFO 4403 --- [diet-butler-server] [   scheduling-1] c.d.service.SedentaryReminderService     : 开始久坐提醒检查
2026-05-13T16:30:00.007+08:00  INFO 4403 --- [diet-butler-server] [   scheduling-1] c.d.service.TaskScheduleService          : 开始情绪干预检查
2026-05-13T17:00:00.007+08:00  INFO 4403 --- [diet-butler-server] [   scheduling-1] c.d.service.TaskScheduleService          : 开始情绪干预检查
2026-05-13T17:00:00.021+08:00  INFO 4403 --- [diet-butler-server] [   scheduling-1] c.d.service.TaskScheduleService          : 开始久坐提醒检查
2026-05-13T17:00:00.022+08:00  INFO 4403 --- [diet-butler-server] [   scheduling-1] c.d.service.SedentaryReminderService     : 开始久坐提醒检查
2026-05-13T17:30:00.013+08:00  INFO 4403 --- [diet-butler-server] [   scheduling-1] c.d.service.TaskScheduleService          : 开始情绪干预检查
2026-05-13T17:59:59.957+08:00  INFO 4403 --- [diet-butler-server] [   scheduling-1] c.d.service.TaskScheduleService          : 开始情绪干预检查
2026-05-13T17:59:59.974+08:00  INFO 4403 --- [diet-butler-server] [   scheduling-1] c.d.service.TaskScheduleService          : 开始发送饮水提醒
2026-05-13T18:29:59.979+08:00  INFO 4403 --- [diet-butler-server] [   scheduling-1] c.d.service.TaskScheduleService          : 开始情绪干预检查
2026-05-13T19:00:00.084+08:00  INFO 4403 --- [diet-butler-server] [   scheduling-1] c.d.service.TaskScheduleService          : 开始情绪干预检查
2026-05-13T19:30:00.019+08:00  INFO 4403 --- [diet-butler-server] [   scheduling-1] c.d.service.TaskScheduleService          : 开始情绪干预检查
2026-05-13T20:00:00.009+08:00  INFO 4403 --- [diet-butler-server] [   scheduling-1] c.d.service.TaskScheduleService          : 开始情绪干预检查
2026-05-13T20:29:59.963+08:00  INFO 4403 --- [diet-butler-server] [   scheduling-1] c.d.service.TaskScheduleService          : 开始情绪干预检查
2026-05-13T20:59:59.994+08:00  INFO 4403 --- [diet-butler-server] [   scheduling-1] c.d.service.TaskScheduleService          : 开始发送晚间复盘
2026-05-13T21:00:05.593+08:00  INFO 4403 --- [diet-butler-server] [   scheduling-1] c.d.service.TaskScheduleService          : 开始情绪干预检查
2026-05-13T21:30:00.003+08:00  INFO 4403 --- [diet-butler-server] [   scheduling-1] c.d.service.TaskScheduleService          : 开始情绪干预检查
2026-05-13T21:59:59.978+08:00  INFO 4403 --- [diet-butler-server] [   scheduling-1] c.d.service.TaskScheduleService          : 开始情绪干预检查
2026-05-13T22:20:27.762+08:00  INFO 4403 --- [diet-butler-server] [io-8080-exec-10] com.dietbutler.service.AuthService       : WeChat API response: {"session_key":"ncKtl8PhDhfVp/6Wh9DYoA==","openid":"odvt03d7a2IYh4_XJubc6kkEFkoE"}
2026-05-13T22:30:00.033+08:00  INFO 4403 --- [diet-butler-server] [   scheduling-1] c.d.service.TaskScheduleService          : 开始情绪干预检查
2026-05-13T23:00:00.039+08:00  INFO 4403 --- [diet-butler-server] [   scheduling-1] c.d.service.TaskScheduleService          : 开始情绪干预检查
2026-05-13T23:30:00.011+08:00  INFO 4403 --- [diet-butler-server] [   scheduling-1] c.d.service.TaskScheduleService          : 开始情绪干预检查
2026-05-13T23:59:59.973+08:00  INFO 4403 --- [diet-butler-server] [   scheduling-1] c.d.service.TaskScheduleService          : 开始情绪干预检查
2026-05-14T00:30:00.010+08:00  INFO 4403 --- [diet-butler-server] [   scheduling-1] c.d.service.TaskScheduleService          : 开始情绪干预检查
2026-05-14T00:59:59.999+08:00  INFO 4403 --- [diet-butler-server] [   scheduling-1] c.d.service.TaskScheduleService          : 开始情绪干预检查
2026-05-14T01:30:00.006+08:00  INFO 4403 --- [diet-butler-server] [   scheduling-1] c.d.service.TaskScheduleService          : 开始情绪干预检查
2026-05-14T02:00:00.008+08:00  INFO 4403 --- [diet-butler-server] [   scheduling-1] c.d.service.TaskScheduleService          : 开始情绪干预检查
2026-05-14T02:29:59.998+08:00  INFO 4403 --- [diet-butler-server] [   scheduling-1] c.d.service.TaskScheduleService          : 开始情绪干预检查
2026-05-14T02:59:59.912+08:00  INFO 4403 --- [diet-butler-server] [   scheduling-1] c.d.service.TaskScheduleService          : 开始情绪干预检查
2026-05-14T03:30:00.041+08:00  INFO 4403 --- [diet-butler-server] [   scheduling-1] c.d.service.TaskScheduleService          : 开始情绪干预检查
2026-05-14T04:00:00.039+08:00  INFO 4403 --- [diet-butler-server] [   scheduling-1] c.d.service.TaskScheduleService          : 开始情绪干预检查
2026-05-14T04:29:59.977+08:00  INFO 4403 --- [diet-butler-server] [   scheduling-1] c.d.service.TaskScheduleService          : 开始情绪干预检查
2026-05-14T04:59:59.999+08:00  INFO 4403 --- [diet-butler-server] [   scheduling-1] c.d.service.TaskScheduleService          : 开始情绪干预检查
2026-05-14T05:29:59.997+08:00  INFO 4403 --- [diet-butler-server] [   scheduling-1] c.d.service.TaskScheduleService          : 开始情绪干预检查
2026-05-14T05:59:59.905+08:00  INFO 4403 --- [diet-butler-server] [   scheduling-1] c.d.service.TaskScheduleService          : 开始情绪干预检查
2026-05-14T06:29:59.995+08:00  INFO 4403 --- [diet-butler-server] [   scheduling-1] c.d.service.TaskScheduleService          : 开始情绪干预检查
2026-05-14T06:59:59.982+08:00  INFO 4403 --- [diet-butler-server] [   scheduling-1] c.d.service.TaskScheduleService          : 开始情绪干预检查
2026-05-14T07:30:00.105+08:00  INFO 4403 --- [diet-butler-server] [   scheduling-1] c.d.service.TaskScheduleService          : 开始情绪干预检查
2026-05-14T07:59:59.889+08:00  INFO 4403 --- [diet-butler-server] [   scheduling-1] c.d.service.TaskScheduleService          : 开始发送晨间问候
2026-05-14T08:00:06.116+08:00  INFO 4403 --- [diet-butler-server] [   scheduling-1] c.d.service.TaskScheduleService          : 开始情绪干预检查
2026-05-14T08:30:00.020+08:00  INFO 4403 --- [diet-butler-server] [   scheduling-1] c.d.service.TaskScheduleService          : 开始情绪干预检查
2026-05-14T08:59:59.887+08:00  INFO 4403 --- [diet-butler-server] [   scheduling-1] c.d.service.TaskScheduleService          : 开始久坐提醒检查
2026-05-14T08:59:59.888+08:00  INFO 4403 --- [diet-butler-server] [   scheduling-1] c.d.service.SedentaryReminderService     : 开始久坐提醒检查
2026-05-14T09:00:00.020+08:00  INFO 4403 --- [diet-butler-server] [   scheduling-1] c.d.service.TaskScheduleService          : 开始情绪干预检查
2026-05-14T09:29:59.872+08:00  INFO 4403 --- [diet-butler-server] [   scheduling-1] c.d.service.TaskScheduleService          : 开始情绪干预检查
2026-05-14T09:59:59.768+08:00  INFO 4403 --- [diet-butler-server] [   scheduling-1] c.d.service.TaskScheduleService          : 开始发送饮水提醒
2026-05-14T10:00:05.663+08:00  INFO 4403 --- [diet-butler-server] [   scheduling-1] c.d.service.TaskScheduleService          : 开始久坐提醒检查
2026-05-14T10:00:05.664+08:00  INFO 4403 --- [diet-butler-server] [   scheduling-1] c.d.service.SedentaryReminderService     : 开始久坐提醒检查
2026-05-14T10:00:05.715+08:00  INFO 4403 --- [diet-butler-server] [   scheduling-1] c.d.service.TaskScheduleService          : 开始情绪干预检查
2026-05-14T10:11:45.117+08:00  INFO 4403 --- [diet-butler-server] [ionShutdownHook] j.LocalContainerEntityManagerFactoryBean : Closing JPA EntityManagerFactory for persistence unit 'default'
2026-05-14T10:11:45.126+08:00  INFO 4403 --- [diet-butler-server] [ionShutdownHook] com.zaxxer.hikari.HikariDataSource       : HikariPool-1 - Shutdown initiated...
2026-05-14T10:11:45.129+08:00  INFO 4403 --- [diet-butler-server] [ionShutdownHook] com.zaxxer.hikari.HikariDataSource       : HikariPool-1 - Shutdown completed.
